<?xml version="1.0" encoding="UTF-8"?>
<coverage generated="1573860634589" clover="3.2.0">
  <project timestamp="1573860634589" name="All files">
    <metrics statements="76" coveredstatements="59" conditionals="40" coveredconditionals="33" methods="17" coveredmethods="9" elements="133" coveredelements="101" complexity="0" loc="76" ncloc="76" packages="1" files="1" classes="1"/>
    <file name="DraftPageMaster.js" path="/Users/andrew/Desktop/CS506 Project/fifa_dream_team/DraftPageReact/src/DraftPageMaster.js">
      <metrics statements="76" coveredstatements="59" conditionals="40" coveredconditionals="33" methods="17" coveredmethods="9"/>
      <line num="23" count="2" type="stmt"/>
      <line num="24" count="1" type="stmt"/>
      <line num="26" count="1" type="cond" truecount="2" falsecount="2"/>
      <line num="27" count="0" type="stmt"/>
      <line num="29" count="1" type="stmt"/>
      <line num="30" count="0" type="stmt"/>
      <line num="31" count="0" type="stmt"/>
      <line num="33" count="1" type="stmt"/>
      <line num="34" count="0" type="stmt"/>
      <line num="35" count="0" type="stmt"/>
      <line num="37" count="1" type="stmt"/>
      <line num="61" count="2" type="stmt"/>
      <line num="62" count="2" type="stmt"/>
      <line num="75" count="10" type="stmt"/>
      <line num="76" count="10" type="stmt"/>
      <line num="96" count="10" type="stmt"/>
      <line num="97" count="10" type="stmt"/>
      <line num="99" count="10" type="stmt"/>
      <line num="100" count="10" type="stmt"/>
      <line num="101" count="10" type="stmt"/>
      <line num="113" count="11" type="stmt"/>
      <line num="114" count="147863" type="cond" truecount="2" falsecount="0"/>
      <line num="115" count="147653" type="stmt"/>
      <line num="118" count="210" type="stmt"/>
      <line num="121" count="11" type="stmt"/>
      <line num="122" count="11" type="cond" truecount="2" falsecount="0"/>
      <line num="123" count="1" type="stmt"/>
      <line num="124" count="0" type="stmt"/>
      <line num="125" count="0" type="stmt"/>
      <line num="127" count="0" type="stmt"/>
      <line num="131" count="11" type="cond" truecount="1" falsecount="1"/>
      <line num="132" count="0" type="stmt"/>
      <line num="135" count="11" type="stmt"/>
      <line num="144" count="0" type="stmt"/>
      <line num="145" count="0" type="stmt"/>
      <line num="146" count="0" type="stmt"/>
      <line num="154" count="0" type="stmt"/>
      <line num="162" count="16" type="stmt"/>
      <line num="164" count="16" type="cond" truecount="2" falsecount="0"/>
      <line num="165" count="5" type="stmt"/>
      <line num="167" count="11" type="cond" truecount="2" falsecount="0"/>
      <line num="168" count="2" type="stmt"/>
      <line num="170" count="9" type="cond" truecount="2" falsecount="0"/>
      <line num="171" count="2" type="stmt"/>
      <line num="173" count="7" type="cond" truecount="2" falsecount="0"/>
      <line num="174" count="2" type="stmt"/>
      <line num="176" count="5" type="cond" truecount="2" falsecount="0"/>
      <line num="177" count="2" type="stmt"/>
      <line num="179" count="3" type="cond" truecount="1" falsecount="1"/>
      <line num="180" count="3" type="stmt"/>
      <line num="187" count="0" type="stmt"/>
      <line num="188" count="0" type="stmt"/>
      <line num="194" count="16" type="stmt"/>
      <line num="195" count="16" type="stmt"/>
      <line num="196" count="16" type="cond" truecount="1" falsecount="1"/>
      <line num="197" count="0" type="stmt"/>
      <line num="200" count="16" type="cond" truecount="2" falsecount="0"/>
      <line num="201" count="1" type="stmt"/>
      <line num="204" count="15" type="cond" truecount="2" falsecount="0"/>
      <line num="205" count="8" type="cond" truecount="2" falsecount="0"/>
      <line num="206" count="1" type="stmt"/>
      <line num="209" count="7" type="stmt"/>
      <line num="213" count="7" type="cond" truecount="1" falsecount="1"/>
      <line num="214" count="7" type="stmt"/>
      <line num="215" count="7" type="cond" truecount="2" falsecount="0"/>
      <line num="216" count="6" type="cond" truecount="2" falsecount="0"/>
      <line num="217" count="1" type="stmt"/>
      <line num="220" count="5" type="stmt"/>
      <line num="224" count="1" type="cond" truecount="1" falsecount="1"/>
      <line num="225" count="0" type="stmt"/>
      <line num="228" count="1" type="stmt"/>
      <line num="241" count="16" type="cond" truecount="2" falsecount="0"/>
      <line num="242" count="1" type="stmt"/>
      <line num="245" count="15" type="stmt"/>
      <line num="253" count="1" type="stmt"/>
      <line num="256" count="71" type="stmt"/>
    </file>
  </project>
</coverage>
