{"/Users/andrew/Desktop/CS506 Project/fifa_dream_team/DraftPageReact/src/DraftPageMaster.js": {"path":"/Users/andrew/Desktop/CS506 Project/fifa_dream_team/DraftPageReact/src/DraftPageMaster.js","statementMap":{"0":{"start":{"line":23,"column":18},"end":{"line":59,"column":1}},"1":{"start":{"line":24,"column":28},"end":{"line":24,"column":49}},"2":{"start":{"line":26,"column":0},"end":{"line":28,"column":1}},"3":{"start":{"line":27,"column":4},"end":{"line":27,"column":18}},"4":{"start":{"line":29,"column":21},"end":{"line":32,"column":1}},"5":{"start":{"line":30,"column":4},"end":{"line":30,"column":19}},"6":{"start":{"line":31,"column":4},"end":{"line":31,"column":31}},"7":{"start":{"line":33,"column":25},"end":{"line":36,"column":1}},"8":{"start":{"line":34,"column":4},"end":{"line":34,"column":19}},"9":{"start":{"line":35,"column":4},"end":{"line":35,"column":38}},"10":{"start":{"line":37,"column":4},"end":{"line":58,"column":15}},"11":{"start":{"line":61,"column":19},"end":{"line":61,"column":21}},"12":{"start":{"line":62,"column":11},"end":{"line":62,"column":35}},"13":{"start":{"line":75,"column":8},"end":{"line":75,"column":21}},"14":{"start":{"line":76,"column":8},"end":{"line":95,"column":9}},"15":{"start":{"line":98,"column":4},"end":{"line":98,"column":51}},"16":{"start":{"line":99,"column":4},"end":{"line":99,"column":51}},"17":{"start":{"line":100,"column":4},"end":{"line":100,"column":65}},"18":{"start":{"line":111,"column":21},"end":{"line":113,"column":10}},"19":{"start":{"line":112,"column":12},"end":{"line":112,"column":29}},"20":{"start":{"line":114,"column":19},"end":{"line":114,"column":23}},"21":{"start":{"line":115,"column":8},"end":{"line":123,"column":9}},"22":{"start":{"line":116,"column":30},"end":{"line":122,"column":10}},"23":{"start":{"line":117,"column":12},"end":{"line":121,"column":15}},"24":{"start":{"line":118,"column":32},"end":{"line":118,"column":51}},"25":{"start":{"line":120,"column":16},"end":{"line":120,"column":69}},"26":{"start":{"line":124,"column":8},"end":{"line":124,"column":36}},"27":{"start":{"line":132,"column":7},"end":{"line":132,"column":32}},"28":{"start":{"line":133,"column":8},"end":{"line":133,"column":34}},"29":{"start":{"line":134,"column":8},"end":{"line":134,"column":70}},"30":{"start":{"line":142,"column":8},"end":{"line":142,"column":42}},"31":{"start":{"line":150,"column":19},"end":{"line":150,"column":37}},"32":{"start":{"line":152,"column":8},"end":{"line":169,"column":9}},"33":{"start":{"line":153,"column":12},"end":{"line":153,"column":85}},"34":{"start":{"line":155,"column":13},"end":{"line":169,"column":9}},"35":{"start":{"line":156,"column":12},"end":{"line":156,"column":85}},"36":{"start":{"line":158,"column":13},"end":{"line":169,"column":9}},"37":{"start":{"line":159,"column":12},"end":{"line":159,"column":85}},"38":{"start":{"line":161,"column":13},"end":{"line":169,"column":9}},"39":{"start":{"line":162,"column":12},"end":{"line":162,"column":85}},"40":{"start":{"line":164,"column":13},"end":{"line":169,"column":9}},"41":{"start":{"line":165,"column":12},"end":{"line":165,"column":85}},"42":{"start":{"line":167,"column":13},"end":{"line":169,"column":9}},"43":{"start":{"line":168,"column":12},"end":{"line":168,"column":85}},"44":{"start":{"line":175,"column":18},"end":{"line":175,"column":77}},"45":{"start":{"line":176,"column":8},"end":{"line":176,"column":25}},"46":{"start":{"line":182,"column":8},"end":{"line":182,"column":117}},"47":{"start":{"line":183,"column":8},"end":{"line":183,"column":31}},"48":{"start":{"line":185,"column":12},"end":{"line":185,"column":36}},"49":{"start":{"line":187,"column":8},"end":{"line":222,"column":9}},"50":{"start":{"line":188,"column":12},"end":{"line":188,"column":33}},"51":{"start":{"line":191,"column":12},"end":{"line":219,"column":13}},"52":{"start":{"line":192,"column":16},"end":{"line":197,"column":17}},"53":{"start":{"line":193,"column":20},"end":{"line":193,"column":47}},"54":{"start":{"line":196,"column":20},"end":{"line":196,"column":67}},"55":{"start":{"line":200,"column":17},"end":{"line":219,"column":13}},"56":{"start":{"line":201,"column":16},"end":{"line":201,"column":92}},"57":{"start":{"line":202,"column":20},"end":{"line":217,"column":21}},"58":{"start":{"line":203,"column":24},"end":{"line":208,"column":25}},"59":{"start":{"line":204,"column":28},"end":{"line":204,"column":61}},"60":{"start":{"line":207,"column":24},"end":{"line":207,"column":71}},"61":{"start":{"line":211,"column":24},"end":{"line":216,"column":25}},"62":{"start":{"line":212,"column":28},"end":{"line":212,"column":61}},"63":{"start":{"line":215,"column":24},"end":{"line":215,"column":71}},"64":{"start":{"line":228,"column":8},"end":{"line":233,"column":9}},"65":{"start":{"line":229,"column":12},"end":{"line":229,"column":24}},"66":{"start":{"line":232,"column":12},"end":{"line":232,"column":25}},"67":{"start":{"line":239,"column":8},"end":{"line":239,"column":45}},"68":{"start":{"line":242,"column":8},"end":{"line":274,"column":9}}},"fnMap":{"0":{"name":"(anonymous_0)","decl":{"start":{"line":23,"column":18},"end":{"line":23,"column":19}},"loc":{"start":{"line":23,"column":30},"end":{"line":59,"column":1}},"line":23},"1":{"name":"(anonymous_1)","decl":{"start":{"line":29,"column":21},"end":{"line":29,"column":22}},"loc":{"start":{"line":29,"column":27},"end":{"line":32,"column":1}},"line":29},"2":{"name":"(anonymous_2)","decl":{"start":{"line":33,"column":25},"end":{"line":33,"column":26}},"loc":{"start":{"line":33,"column":31},"end":{"line":36,"column":1}},"line":33},"3":{"name":"(anonymous_3)","decl":{"start":{"line":73,"column":4},"end":{"line":73,"column":5}},"loc":{"start":{"line":73,"column":23},"end":{"line":101,"column":5}},"line":73},"4":{"name":"(anonymous_4)","decl":{"start":{"line":110,"column":4},"end":{"line":110,"column":5}},"loc":{"start":{"line":110,"column":24},"end":{"line":126,"column":5}},"line":110},"5":{"name":"(anonymous_5)","decl":{"start":{"line":111,"column":43},"end":{"line":111,"column":44}},"loc":{"start":{"line":111,"column":50},"end":{"line":113,"column":9}},"line":111},"6":{"name":"(anonymous_6)","decl":{"start":{"line":116,"column":131},"end":{"line":116,"column":132}},"loc":{"start":{"line":116,"column":149},"end":{"line":122,"column":9}},"line":116},"7":{"name":"(anonymous_7)","decl":{"start":{"line":117,"column":29},"end":{"line":117,"column":30}},"loc":{"start":{"line":117,"column":54},"end":{"line":121,"column":13}},"line":117},"8":{"name":"(anonymous_8)","decl":{"start":{"line":130,"column":4},"end":{"line":130,"column":5}},"loc":{"start":{"line":130,"column":23},"end":{"line":135,"column":5}},"line":130},"9":{"name":"(anonymous_9)","decl":{"start":{"line":141,"column":4},"end":{"line":141,"column":5}},"loc":{"start":{"line":141,"column":18},"end":{"line":143,"column":5}},"line":141},"10":{"name":"(anonymous_10)","decl":{"start":{"line":149,"column":4},"end":{"line":149,"column":5}},"loc":{"start":{"line":149,"column":22},"end":{"line":170,"column":5}},"line":149},"11":{"name":"(anonymous_11)","decl":{"start":{"line":174,"column":4},"end":{"line":174,"column":5}},"loc":{"start":{"line":174,"column":23},"end":{"line":177,"column":7}},"line":174},"12":{"name":"(anonymous_12)","decl":{"start":{"line":181,"column":4},"end":{"line":181,"column":5}},"loc":{"start":{"line":181,"column":25},"end":{"line":223,"column":5}},"line":181},"13":{"name":"(anonymous_13)","decl":{"start":{"line":227,"column":4},"end":{"line":227,"column":5}},"loc":{"start":{"line":227,"column":18},"end":{"line":234,"column":5}},"line":227},"14":{"name":"(anonymous_14)","decl":{"start":{"line":238,"column":4},"end":{"line":238,"column":5}},"loc":{"start":{"line":238,"column":20},"end":{"line":240,"column":5}},"line":238},"15":{"name":"(anonymous_15)","decl":{"start":{"line":241,"column":4},"end":{"line":241,"column":5}},"loc":{"start":{"line":241,"column":13},"end":{"line":275,"column":5}},"line":241},"16":{"name":"(anonymous_16)","decl":{"start":{"line":276,"column":4},"end":{"line":276,"column":5}},"loc":{"start":{"line":276,"column":18},"end":{"line":278,"column":5}},"line":276}},"branchMap":{"0":{"loc":{"start":{"line":26,"column":0},"end":{"line":28,"column":1}},"type":"if","locations":[{"start":{"line":26,"column":0},"end":{"line":28,"column":1}},{"start":{"line":26,"column":0},"end":{"line":28,"column":1}}],"line":26},"1":{"loc":{"start":{"line":26,"column":3},"end":{"line":26,"column":52}},"type":"binary-expr","locations":[{"start":{"line":26,"column":3},"end":{"line":26,"column":35}},{"start":{"line":26,"column":39},"end":{"line":26,"column":52}}],"line":26},"2":{"loc":{"start":{"line":115,"column":8},"end":{"line":123,"column":9}},"type":"if","locations":[{"start":{"line":115,"column":8},"end":{"line":123,"column":9}},{"start":{"line":115,"column":8},"end":{"line":123,"column":9}}],"line":115},"3":{"loc":{"start":{"line":152,"column":8},"end":{"line":169,"column":9}},"type":"if","locations":[{"start":{"line":152,"column":8},"end":{"line":169,"column":9}},{"start":{"line":152,"column":8},"end":{"line":169,"column":9}}],"line":152},"4":{"loc":{"start":{"line":155,"column":13},"end":{"line":169,"column":9}},"type":"if","locations":[{"start":{"line":155,"column":13},"end":{"line":169,"column":9}},{"start":{"line":155,"column":13},"end":{"line":169,"column":9}}],"line":155},"5":{"loc":{"start":{"line":158,"column":13},"end":{"line":169,"column":9}},"type":"if","locations":[{"start":{"line":158,"column":13},"end":{"line":169,"column":9}},{"start":{"line":158,"column":13},"end":{"line":169,"column":9}}],"line":158},"6":{"loc":{"start":{"line":161,"column":13},"end":{"line":169,"column":9}},"type":"if","locations":[{"start":{"line":161,"column":13},"end":{"line":169,"column":9}},{"start":{"line":161,"column":13},"end":{"line":169,"column":9}}],"line":161},"7":{"loc":{"start":{"line":164,"column":13},"end":{"line":169,"column":9}},"type":"if","locations":[{"start":{"line":164,"column":13},"end":{"line":169,"column":9}},{"start":{"line":164,"column":13},"end":{"line":169,"column":9}}],"line":164},"8":{"loc":{"start":{"line":167,"column":13},"end":{"line":169,"column":9}},"type":"if","locations":[{"start":{"line":167,"column":13},"end":{"line":169,"column":9}},{"start":{"line":167,"column":13},"end":{"line":169,"column":9}}],"line":167},"9":{"loc":{"start":{"line":187,"column":8},"end":{"line":222,"column":9}},"type":"if","locations":[{"start":{"line":187,"column":8},"end":{"line":222,"column":9}},{"start":{"line":187,"column":8},"end":{"line":222,"column":9}}],"line":187},"10":{"loc":{"start":{"line":191,"column":12},"end":{"line":219,"column":13}},"type":"if","locations":[{"start":{"line":191,"column":12},"end":{"line":219,"column":13}},{"start":{"line":191,"column":12},"end":{"line":219,"column":13}}],"line":191},"11":{"loc":{"start":{"line":192,"column":16},"end":{"line":197,"column":17}},"type":"if","locations":[{"start":{"line":192,"column":16},"end":{"line":197,"column":17}},{"start":{"line":192,"column":16},"end":{"line":197,"column":17}}],"line":192},"12":{"loc":{"start":{"line":200,"column":17},"end":{"line":219,"column":13}},"type":"if","locations":[{"start":{"line":200,"column":17},"end":{"line":219,"column":13}},{"start":{"line":200,"column":17},"end":{"line":219,"column":13}}],"line":200},"13":{"loc":{"start":{"line":202,"column":20},"end":{"line":217,"column":21}},"type":"if","locations":[{"start":{"line":202,"column":20},"end":{"line":217,"column":21}},{"start":{"line":202,"column":20},"end":{"line":217,"column":21}}],"line":202},"14":{"loc":{"start":{"line":203,"column":24},"end":{"line":208,"column":25}},"type":"if","locations":[{"start":{"line":203,"column":24},"end":{"line":208,"column":25}},{"start":{"line":203,"column":24},"end":{"line":208,"column":25}}],"line":203},"15":{"loc":{"start":{"line":211,"column":24},"end":{"line":216,"column":25}},"type":"if","locations":[{"start":{"line":211,"column":24},"end":{"line":216,"column":25}},{"start":{"line":211,"column":24},"end":{"line":216,"column":25}}],"line":211},"16":{"loc":{"start":{"line":228,"column":8},"end":{"line":233,"column":9}},"type":"if","locations":[{"start":{"line":228,"column":8},"end":{"line":233,"column":9}},{"start":{"line":228,"column":8},"end":{"line":233,"column":9}}],"line":228}},"s":{"0":1,"1":0,"2":0,"3":0,"4":0,"5":0,"6":0,"7":0,"8":0,"9":0,"10":0,"11":1,"12":1,"13":0,"14":0,"15":0,"16":0,"17":0,"18":0,"19":0,"20":0,"21":0,"22":0,"23":0,"24":0,"25":0,"26":0,"27":0,"28":0,"29":0,"30":0,"31":0,"32":0,"33":0,"34":0,"35":0,"36":0,"37":0,"38":0,"39":0,"40":0,"41":0,"42":0,"43":0,"44":0,"45":0,"46":0,"47":0,"48":0,"49":0,"50":0,"51":0,"52":0,"53":0,"54":0,"55":0,"56":0,"57":0,"58":0,"59":0,"60":0,"61":0,"62":0,"63":0,"64":0,"65":0,"66":0,"67":0,"68":0},"f":{"0":0,"1":0,"2":0,"3":0,"4":0,"5":0,"6":0,"7":0,"8":0,"9":0,"10":0,"11":0,"12":0,"13":0,"14":0,"15":0,"16":0},"b":{"0":[0,0],"1":[0,0],"2":[0,0],"3":[0,0],"4":[0,0],"5":[0,0],"6":[0,0],"7":[0,0],"8":[0,0],"9":[0,0],"10":[0,0],"11":[0,0],"12":[0,0],"13":[0,0],"14":[0,0],"15":[0,0],"16":[0,0]},"_coverageSchema":"43e27e138ebf9cfc5966b082cf9a028302ed4184","hash":"39cbd0b9650730a5621913cb665ddaaedeb1a4d8"}
}
