{"/Users/andrew/Desktop/CS506 Project/fifa_dream_team/DraftPageReact/src/DraftPageMaster.js": {"path":"/Users/andrew/Desktop/CS506 Project/fifa_dream_team/DraftPageReact/src/DraftPageMaster.js","statementMap":{"0":{"start":{"line":23,"column":25},"end":{"line":59,"column":1}},"1":{"start":{"line":24,"column":28},"end":{"line":24,"column":49}},"2":{"start":{"line":26,"column":0},"end":{"line":28,"column":1}},"3":{"start":{"line":27,"column":4},"end":{"line":27,"column":18}},"4":{"start":{"line":29,"column":21},"end":{"line":32,"column":1}},"5":{"start":{"line":30,"column":4},"end":{"line":30,"column":19}},"6":{"start":{"line":31,"column":4},"end":{"line":31,"column":31}},"7":{"start":{"line":33,"column":25},"end":{"line":36,"column":1}},"8":{"start":{"line":34,"column":4},"end":{"line":34,"column":19}},"9":{"start":{"line":35,"column":4},"end":{"line":35,"column":38}},"10":{"start":{"line":37,"column":4},"end":{"line":58,"column":15}},"11":{"start":{"line":61,"column":19},"end":{"line":61,"column":21}},"12":{"start":{"line":62,"column":11},"end":{"line":62,"column":35}},"13":{"start":{"line":75,"column":8},"end":{"line":75,"column":21}},"14":{"start":{"line":76,"column":8},"end":{"line":95,"column":9}},"15":{"start":{"line":96,"column":8},"end":{"line":96,"column":49}},"16":{"start":{"line":97,"column":8},"end":{"line":97,"column":49}},"17":{"start":{"line":99,"column":4},"end":{"line":99,"column":51}},"18":{"start":{"line":100,"column":4},"end":{"line":100,"column":51}},"19":{"start":{"line":101,"column":4},"end":{"line":101,"column":65}},"20":{"start":{"line":113,"column":21},"end":{"line":120,"column":10}},"21":{"start":{"line":114,"column":12},"end":{"line":119,"column":13}},"22":{"start":{"line":115,"column":16},"end":{"line":115,"column":33}},"23":{"start":{"line":118,"column":16},"end":{"line":118,"column":33}},"24":{"start":{"line":121,"column":19},"end":{"line":121,"column":23}},"25":{"start":{"line":122,"column":8},"end":{"line":130,"column":9}},"26":{"start":{"line":123,"column":30},"end":{"line":129,"column":10}},"27":{"start":{"line":124,"column":12},"end":{"line":128,"column":15}},"28":{"start":{"line":125,"column":32},"end":{"line":125,"column":51}},"29":{"start":{"line":127,"column":16},"end":{"line":127,"column":69}},"30":{"start":{"line":131,"column":8},"end":{"line":136,"column":8}},"31":{"start":{"line":132,"column":12},"end":{"line":132,"column":145}},"32":{"start":{"line":135,"column":11},"end":{"line":135,"column":40}},"33":{"start":{"line":144,"column":7},"end":{"line":144,"column":32}},"34":{"start":{"line":145,"column":8},"end":{"line":145,"column":34}},"35":{"start":{"line":146,"column":8},"end":{"line":146,"column":70}},"36":{"start":{"line":154,"column":8},"end":{"line":154,"column":42}},"37":{"start":{"line":162,"column":19},"end":{"line":162,"column":37}},"38":{"start":{"line":164,"column":8},"end":{"line":181,"column":9}},"39":{"start":{"line":165,"column":12},"end":{"line":165,"column":85}},"40":{"start":{"line":167,"column":13},"end":{"line":181,"column":9}},"41":{"start":{"line":168,"column":12},"end":{"line":168,"column":85}},"42":{"start":{"line":170,"column":13},"end":{"line":181,"column":9}},"43":{"start":{"line":171,"column":12},"end":{"line":171,"column":85}},"44":{"start":{"line":173,"column":13},"end":{"line":181,"column":9}},"45":{"start":{"line":174,"column":12},"end":{"line":174,"column":85}},"46":{"start":{"line":176,"column":13},"end":{"line":181,"column":9}},"47":{"start":{"line":177,"column":12},"end":{"line":177,"column":85}},"48":{"start":{"line":179,"column":13},"end":{"line":181,"column":9}},"49":{"start":{"line":180,"column":12},"end":{"line":180,"column":85}},"50":{"start":{"line":187,"column":18},"end":{"line":187,"column":77}},"51":{"start":{"line":188,"column":8},"end":{"line":188,"column":25}},"52":{"start":{"line":194,"column":8},"end":{"line":194,"column":117}},"53":{"start":{"line":195,"column":8},"end":{"line":195,"column":31}},"54":{"start":{"line":196,"column":7},"end":{"line":198,"column":8}},"55":{"start":{"line":197,"column":8},"end":{"line":197,"column":32}},"56":{"start":{"line":200,"column":8},"end":{"line":235,"column":9}},"57":{"start":{"line":201,"column":12},"end":{"line":201,"column":33}},"58":{"start":{"line":204,"column":12},"end":{"line":232,"column":13}},"59":{"start":{"line":205,"column":16},"end":{"line":210,"column":17}},"60":{"start":{"line":206,"column":20},"end":{"line":206,"column":47}},"61":{"start":{"line":209,"column":20},"end":{"line":209,"column":67}},"62":{"start":{"line":213,"column":17},"end":{"line":232,"column":13}},"63":{"start":{"line":214,"column":16},"end":{"line":214,"column":92}},"64":{"start":{"line":215,"column":20},"end":{"line":230,"column":21}},"65":{"start":{"line":216,"column":24},"end":{"line":221,"column":25}},"66":{"start":{"line":217,"column":28},"end":{"line":217,"column":61}},"67":{"start":{"line":220,"column":24},"end":{"line":220,"column":71}},"68":{"start":{"line":224,"column":24},"end":{"line":229,"column":25}},"69":{"start":{"line":225,"column":28},"end":{"line":225,"column":61}},"70":{"start":{"line":228,"column":24},"end":{"line":228,"column":71}},"71":{"start":{"line":241,"column":8},"end":{"line":246,"column":9}},"72":{"start":{"line":242,"column":12},"end":{"line":242,"column":24}},"73":{"start":{"line":245,"column":12},"end":{"line":245,"column":25}},"74":{"start":{"line":253,"column":8},"end":{"line":253,"column":53}},"75":{"start":{"line":256,"column":8},"end":{"line":288,"column":9}}},"fnMap":{"0":{"name":"(anonymous_0)","decl":{"start":{"line":23,"column":25},"end":{"line":23,"column":26}},"loc":{"start":{"line":23,"column":37},"end":{"line":59,"column":1}},"line":23},"1":{"name":"(anonymous_1)","decl":{"start":{"line":29,"column":21},"end":{"line":29,"column":22}},"loc":{"start":{"line":29,"column":27},"end":{"line":32,"column":1}},"line":29},"2":{"name":"(anonymous_2)","decl":{"start":{"line":33,"column":25},"end":{"line":33,"column":26}},"loc":{"start":{"line":33,"column":31},"end":{"line":36,"column":1}},"line":33},"3":{"name":"(anonymous_3)","decl":{"start":{"line":73,"column":4},"end":{"line":73,"column":5}},"loc":{"start":{"line":73,"column":23},"end":{"line":102,"column":5}},"line":73},"4":{"name":"(anonymous_4)","decl":{"start":{"line":111,"column":4},"end":{"line":111,"column":5}},"loc":{"start":{"line":111,"column":24},"end":{"line":138,"column":5}},"line":111},"5":{"name":"(anonymous_5)","decl":{"start":{"line":113,"column":43},"end":{"line":113,"column":44}},"loc":{"start":{"line":113,"column":50},"end":{"line":120,"column":9}},"line":113},"6":{"name":"(anonymous_6)","decl":{"start":{"line":123,"column":131},"end":{"line":123,"column":132}},"loc":{"start":{"line":123,"column":149},"end":{"line":129,"column":9}},"line":123},"7":{"name":"(anonymous_7)","decl":{"start":{"line":124,"column":29},"end":{"line":124,"column":30}},"loc":{"start":{"line":124,"column":54},"end":{"line":128,"column":13}},"line":124},"8":{"name":"(anonymous_8)","decl":{"start":{"line":142,"column":4},"end":{"line":142,"column":5}},"loc":{"start":{"line":142,"column":23},"end":{"line":147,"column":5}},"line":142},"9":{"name":"(anonymous_9)","decl":{"start":{"line":153,"column":4},"end":{"line":153,"column":5}},"loc":{"start":{"line":153,"column":18},"end":{"line":155,"column":5}},"line":153},"10":{"name":"(anonymous_10)","decl":{"start":{"line":161,"column":4},"end":{"line":161,"column":5}},"loc":{"start":{"line":161,"column":22},"end":{"line":182,"column":5}},"line":161},"11":{"name":"(anonymous_11)","decl":{"start":{"line":186,"column":4},"end":{"line":186,"column":5}},"loc":{"start":{"line":186,"column":23},"end":{"line":189,"column":7}},"line":186},"12":{"name":"(anonymous_12)","decl":{"start":{"line":193,"column":4},"end":{"line":193,"column":5}},"loc":{"start":{"line":193,"column":25},"end":{"line":236,"column":5}},"line":193},"13":{"name":"(anonymous_13)","decl":{"start":{"line":240,"column":4},"end":{"line":240,"column":5}},"loc":{"start":{"line":240,"column":18},"end":{"line":247,"column":5}},"line":240},"14":{"name":"(anonymous_14)","decl":{"start":{"line":251,"column":4},"end":{"line":251,"column":5}},"loc":{"start":{"line":251,"column":20},"end":{"line":254,"column":5}},"line":251},"15":{"name":"(anonymous_15)","decl":{"start":{"line":255,"column":4},"end":{"line":255,"column":5}},"loc":{"start":{"line":255,"column":13},"end":{"line":289,"column":5}},"line":255},"16":{"name":"(anonymous_16)","decl":{"start":{"line":290,"column":4},"end":{"line":290,"column":5}},"loc":{"start":{"line":290,"column":18},"end":{"line":292,"column":5}},"line":290}},"branchMap":{"0":{"loc":{"start":{"line":26,"column":0},"end":{"line":28,"column":1}},"type":"if","locations":[{"start":{"line":26,"column":0},"end":{"line":28,"column":1}},{"start":{"line":26,"column":0},"end":{"line":28,"column":1}}],"line":26},"1":{"loc":{"start":{"line":26,"column":3},"end":{"line":26,"column":52}},"type":"binary-expr","locations":[{"start":{"line":26,"column":3},"end":{"line":26,"column":35}},{"start":{"line":26,"column":39},"end":{"line":26,"column":52}}],"line":26},"2":{"loc":{"start":{"line":114,"column":12},"end":{"line":119,"column":13}},"type":"if","locations":[{"start":{"line":114,"column":12},"end":{"line":119,"column":13}},{"start":{"line":114,"column":12},"end":{"line":119,"column":13}}],"line":114},"3":{"loc":{"start":{"line":122,"column":8},"end":{"line":130,"column":9}},"type":"if","locations":[{"start":{"line":122,"column":8},"end":{"line":130,"column":9}},{"start":{"line":122,"column":8},"end":{"line":130,"column":9}}],"line":122},"4":{"loc":{"start":{"line":131,"column":8},"end":{"line":136,"column":8}},"type":"if","locations":[{"start":{"line":131,"column":8},"end":{"line":136,"column":8}},{"start":{"line":131,"column":8},"end":{"line":136,"column":8}}],"line":131},"5":{"loc":{"start":{"line":164,"column":8},"end":{"line":181,"column":9}},"type":"if","locations":[{"start":{"line":164,"column":8},"end":{"line":181,"column":9}},{"start":{"line":164,"column":8},"end":{"line":181,"column":9}}],"line":164},"6":{"loc":{"start":{"line":167,"column":13},"end":{"line":181,"column":9}},"type":"if","locations":[{"start":{"line":167,"column":13},"end":{"line":181,"column":9}},{"start":{"line":167,"column":13},"end":{"line":181,"column":9}}],"line":167},"7":{"loc":{"start":{"line":170,"column":13},"end":{"line":181,"column":9}},"type":"if","locations":[{"start":{"line":170,"column":13},"end":{"line":181,"column":9}},{"start":{"line":170,"column":13},"end":{"line":181,"column":9}}],"line":170},"8":{"loc":{"start":{"line":173,"column":13},"end":{"line":181,"column":9}},"type":"if","locations":[{"start":{"line":173,"column":13},"end":{"line":181,"column":9}},{"start":{"line":173,"column":13},"end":{"line":181,"column":9}}],"line":173},"9":{"loc":{"start":{"line":176,"column":13},"end":{"line":181,"column":9}},"type":"if","locations":[{"start":{"line":176,"column":13},"end":{"line":181,"column":9}},{"start":{"line":176,"column":13},"end":{"line":181,"column":9}}],"line":176},"10":{"loc":{"start":{"line":179,"column":13},"end":{"line":181,"column":9}},"type":"if","locations":[{"start":{"line":179,"column":13},"end":{"line":181,"column":9}},{"start":{"line":179,"column":13},"end":{"line":181,"column":9}}],"line":179},"11":{"loc":{"start":{"line":196,"column":7},"end":{"line":198,"column":8}},"type":"if","locations":[{"start":{"line":196,"column":7},"end":{"line":198,"column":8}},{"start":{"line":196,"column":7},"end":{"line":198,"column":8}}],"line":196},"12":{"loc":{"start":{"line":200,"column":8},"end":{"line":235,"column":9}},"type":"if","locations":[{"start":{"line":200,"column":8},"end":{"line":235,"column":9}},{"start":{"line":200,"column":8},"end":{"line":235,"column":9}}],"line":200},"13":{"loc":{"start":{"line":204,"column":12},"end":{"line":232,"column":13}},"type":"if","locations":[{"start":{"line":204,"column":12},"end":{"line":232,"column":13}},{"start":{"line":204,"column":12},"end":{"line":232,"column":13}}],"line":204},"14":{"loc":{"start":{"line":205,"column":16},"end":{"line":210,"column":17}},"type":"if","locations":[{"start":{"line":205,"column":16},"end":{"line":210,"column":17}},{"start":{"line":205,"column":16},"end":{"line":210,"column":17}}],"line":205},"15":{"loc":{"start":{"line":213,"column":17},"end":{"line":232,"column":13}},"type":"if","locations":[{"start":{"line":213,"column":17},"end":{"line":232,"column":13}},{"start":{"line":213,"column":17},"end":{"line":232,"column":13}}],"line":213},"16":{"loc":{"start":{"line":215,"column":20},"end":{"line":230,"column":21}},"type":"if","locations":[{"start":{"line":215,"column":20},"end":{"line":230,"column":21}},{"start":{"line":215,"column":20},"end":{"line":230,"column":21}}],"line":215},"17":{"loc":{"start":{"line":216,"column":24},"end":{"line":221,"column":25}},"type":"if","locations":[{"start":{"line":216,"column":24},"end":{"line":221,"column":25}},{"start":{"line":216,"column":24},"end":{"line":221,"column":25}}],"line":216},"18":{"loc":{"start":{"line":224,"column":24},"end":{"line":229,"column":25}},"type":"if","locations":[{"start":{"line":224,"column":24},"end":{"line":229,"column":25}},{"start":{"line":224,"column":24},"end":{"line":229,"column":25}}],"line":224},"19":{"loc":{"start":{"line":241,"column":8},"end":{"line":246,"column":9}},"type":"if","locations":[{"start":{"line":241,"column":8},"end":{"line":246,"column":9}},{"start":{"line":241,"column":8},"end":{"line":246,"column":9}}],"line":241}},"s":{"0":2,"1":1,"2":1,"3":0,"4":1,"5":0,"6":0,"7":1,"8":0,"9":0,"10":1,"11":2,"12":2,"13":10,"14":10,"15":10,"16":10,"17":10,"18":10,"19":10,"20":11,"21":147863,"22":147653,"23":210,"24":11,"25":11,"26":1,"27":0,"28":0,"29":0,"30":11,"31":0,"32":11,"33":0,"34":0,"35":0,"36":0,"37":16,"38":16,"39":5,"40":11,"41":2,"42":9,"43":2,"44":7,"45":2,"46":5,"47":2,"48":3,"49":3,"50":0,"51":0,"52":16,"53":16,"54":16,"55":0,"56":16,"57":1,"58":15,"59":8,"60":1,"61":7,"62":7,"63":7,"64":7,"65":6,"66":1,"67":5,"68":1,"69":0,"70":1,"71":16,"72":1,"73":15,"74":1,"75":71},"f":{"0":1,"1":0,"2":0,"3":10,"4":11,"5":147863,"6":0,"7":0,"8":0,"9":0,"10":16,"11":0,"12":16,"13":16,"14":1,"15":71,"16":0},"b":{"0":[0,1],"1":[1,0],"2":[147653,210],"3":[1,10],"4":[0,11],"5":[5,11],"6":[2,9],"7":[2,7],"8":[2,5],"9":[2,3],"10":[3,0],"11":[0,16],"12":[1,15],"13":[8,7],"14":[1,7],"15":[7,0],"16":[6,1],"17":[1,5],"18":[0,1],"19":[1,15]},"_coverageSchema":"43e27e138ebf9cfc5966b082cf9a028302ed4184","hash":"cae9ee065d5a8edb4ae583a5d1c79eba34efafbc"}
}
