TN:
SF:/Users/andrew/Desktop/CS506 Project/fifa_dream_team/DraftPageReact/src/DraftPageMaster.js
FN:23,(anonymous_0)
FN:29,(anonymous_1)
FN:33,(anonymous_2)
FN:73,(anonymous_3)
FN:111,(anonymous_4)
FN:113,(anonymous_5)
FN:123,(anonymous_6)
FN:124,(anonymous_7)
FN:142,(anonymous_8)
FN:153,(anonymous_9)
FN:161,(anonymous_10)
FN:186,(anonymous_11)
FN:193,(anonymous_12)
FN:240,(anonymous_13)
FN:251,(anonymous_14)
FN:255,(anonymous_15)
FN:290,(anonymous_16)
FNF:17
FNH:9
FNDA:1,(anonymous_0)
FNDA:0,(anonymous_1)
FNDA:0,(anonymous_2)
FNDA:10,(anonymous_3)
FNDA:11,(anonymous_4)
FNDA:147863,(anonymous_5)
FNDA:0,(anonymous_6)
FNDA:0,(anonymous_7)
FNDA:0,(anonymous_8)
FNDA:0,(anonymous_9)
FNDA:16,(anonymous_10)
FNDA:0,(anonymous_11)
FNDA:16,(anonymous_12)
FNDA:16,(anonymous_13)
FNDA:1,(anonymous_14)
FNDA:71,(anonymous_15)
FNDA:0,(anonymous_16)
DA:23,2
DA:24,1
DA:26,1
DA:27,0
DA:29,1
DA:30,0
DA:31,0
DA:33,1
DA:34,0
DA:35,0
DA:37,1
DA:61,2
DA:62,2
DA:75,10
DA:76,10
DA:96,10
DA:97,10
DA:99,10
DA:100,10
DA:101,10
DA:113,11
DA:114,147863
DA:115,147653
DA:118,210
DA:121,11
DA:122,11
DA:123,1
DA:124,0
DA:125,0
DA:127,0
DA:131,11
DA:132,0
DA:135,11
DA:144,0
DA:145,0
DA:146,0
DA:154,0
DA:162,16
DA:164,16
DA:165,5
DA:167,11
DA:168,2
DA:170,9
DA:171,2
DA:173,7
DA:174,2
DA:176,5
DA:177,2
DA:179,3
DA:180,3
DA:187,0
DA:188,0
DA:194,16
DA:195,16
DA:196,16
DA:197,0
DA:200,16
DA:201,1
DA:204,15
DA:205,8
DA:206,1
DA:209,7
DA:213,7
DA:214,7
DA:215,7
DA:216,6
DA:217,1
DA:220,5
DA:224,1
DA:225,0
DA:228,1
DA:241,16
DA:242,1
DA:245,15
DA:253,1
DA:256,71
LF:76
LH:59
BRDA:26,0,0,0
BRDA:26,0,1,1
BRDA:26,1,0,1
BRDA:26,1,1,0
BRDA:114,2,0,147653
BRDA:114,2,1,210
BRDA:122,3,0,1
BRDA:122,3,1,10
BRDA:131,4,0,0
BRDA:131,4,1,11
BRDA:164,5,0,5
BRDA:164,5,1,11
BRDA:167,6,0,2
BRDA:167,6,1,9
BRDA:170,7,0,2
BRDA:170,7,1,7
BRDA:173,8,0,2
BRDA:173,8,1,5
BRDA:176,9,0,2
BRDA:176,9,1,3
BRDA:179,10,0,3
BRDA:179,10,1,0
BRDA:196,11,0,0
BRDA:196,11,1,16
BRDA:200,12,0,1
BRDA:200,12,1,15
BRDA:204,13,0,8
BRDA:204,13,1,7
BRDA:205,14,0,1
BRDA:205,14,1,7
BRDA:213,15,0,7
BRDA:213,15,1,0
BRDA:215,16,0,6
BRDA:215,16,1,1
BRDA:216,17,0,1
BRDA:216,17,1,5
BRDA:224,18,0,0
BRDA:224,18,1,1
BRDA:241,19,0,1
BRDA:241,19,1,15
BRF:40
BRH:33
end_of_record
